[debug] [2021-08-22T13:41:17.915Z] ----------------------------------------------------------------------
[debug] [2021-08-22T13:41:17.917Z] Command:       C:\Program Files\nodejs\node.exe C:\Users\SURYA KENCANA\AppData\Roaming\npm\node_modules\firebase-tools\lib\bin\firebase.js login
[debug] [2021-08-22T13:41:17.917Z] CLI Version:   9.16.5
[debug] [2021-08-22T13:41:17.917Z] Platform:      win32
[debug] [2021-08-22T13:41:17.917Z] Node Version:  v14.17.5
[debug] [2021-08-22T13:41:17.919Z] Time:          Sun Aug 22 2021 20:41:17 GMT+0700 (Indochina Time)
[debug] [2021-08-22T13:41:17.919Z] ----------------------------------------------------------------------
[debug] 
[info] i  Firebase optionally collects CLI usage and error reporting information to help improve our products. Data is collected in accordance with Google's privacy policy (https://policies.google.com/privacy) and is not used to identify you.
 
[info] i  To change your data collection preference at any time, run `firebase logout` and log in again. 
[info] 
[info] Visit this URL on this device to log in:
[info] https://accounts.google.com/o/oauth2/auth?client_id=563584335869-fgrhgmd47bqnekij5i8b5pr03ho849e6.apps.googleusercontent.com&scope=email%20openid%20https%3A%2F%2Fwww.googleapis.com%2Fauth%2Fcloudplatformprojects.readonly%20https%3A%2F%2Fwww.googleapis.com%2Fauth%2Ffirebase%20https%3A%2F%2Fwww.googleapis.com%2Fauth%2Fcloud-platform&response_type=code&state=204427942&redirect_uri=http%3A%2F%2Flocalhost%3A9005
[info] 
[info] Waiting for authentication...
[debug] [2021-08-22T13:41:22.560Z] Error: spawn cmd ENOENT
    at Process.ChildProcess._handle.onexit (internal/child_process.js:269:19)
    at onErrorNT (internal/child_process.js:467:16)
    at processTicksAndRejections (internal/process/task_queues.js:82:21)
[error] 
[error] Error: An unexpected error has occurred.
[debug] [2021-08-22T13:43:51.442Z] ----------------------------------------------------------------------
[debug] [2021-08-22T13:43:51.444Z] Command:       C:\Program Files\nodejs\node.exe C:\Users\SURYA KENCANA\AppData\Roaming\npm\node_modules\firebase-tools\lib\bin\firebase.js login --debug
[debug] [2021-08-22T13:43:51.444Z] CLI Version:   9.16.5
[debug] [2021-08-22T13:43:51.444Z] Platform:      win32
[debug] [2021-08-22T13:43:51.444Z] Node Version:  v14.17.5
[debug] [2021-08-22T13:43:51.446Z] Time:          Sun Aug 22 2021 20:43:51 GMT+0700 (Indochina Time)
[debug] [2021-08-22T13:43:51.446Z] ----------------------------------------------------------------------
[debug] 
[info] i  Firebase optionally collects CLI usage and error reporting information to help improve our products. Data is collected in accordance with Google's privacy policy (https://policies.google.com/privacy) and is not used to identify you.
 
[info] i  To change your data collection preference at any time, run `firebase logout` and log in again. 
[info] 
[info] Visit this URL on this device to log in:
[info] https://accounts.google.com/o/oauth2/auth?client_id=563584335869-fgrhgmd47bqnekij5i8b5pr03ho849e6.apps.googleusercontent.com&scope=email%20openid%20https%3A%2F%2Fwww.googleapis.com%2Fauth%2Fcloudplatformprojects.readonly%20https%3A%2F%2Fwww.googleapis.com%2Fauth%2Ffirebase%20https%3A%2F%2Fwww.googleapis.com%2Fauth%2Fcloud-platform&response_type=code&state=553668192&redirect_uri=http%3A%2F%2Flocalhost%3A9005
[info] 
[info] Waiting for authentication...
[debug] [2021-08-22T13:43:53.110Z] Error: spawn cmd ENOENT
    at Process.ChildProcess._handle.onexit (internal/child_process.js:269:19)
    at onErrorNT (internal/child_process.js:467:16)
    at processTicksAndRejections (internal/process/task_queues.js:82:21)
[error] 
[error] Error: An unexpected error has occurred.
[debug] [2021-08-22T13:44:12.007Z] ----------------------------------------------------------------------
[debug] [2021-08-22T13:44:12.009Z] Command:       C:\Program Files\nodejs\node.exe C:\Users\SURYA KENCANA\AppData\Roaming\npm\node_modules\firebase-tools\lib\bin\firebase.js login
[debug] [2021-08-22T13:44:12.010Z] CLI Version:   9.16.5
[debug] [2021-08-22T13:44:12.010Z] Platform:      win32
[debug] [2021-08-22T13:44:12.010Z] Node Version:  v14.17.5
[debug] [2021-08-22T13:44:12.011Z] Time:          Sun Aug 22 2021 20:44:12 GMT+0700 (Indochina Time)
[debug] [2021-08-22T13:44:12.011Z] ----------------------------------------------------------------------
[debug] 
[info] i  Firebase optionally collects CLI usage and error reporting information to help improve our products. Data is collected in accordance with Google's privacy policy (https://policies.google.com/privacy) and is not used to identify you.
 
[info] i  To change your data collection preference at any time, run `firebase logout` and log in again. 
[info] 
[info] Visit this URL on this device to log in:
[info] https://accounts.google.com/o/oauth2/auth?client_id=563584335869-fgrhgmd47bqnekij5i8b5pr03ho849e6.apps.googleusercontent.com&scope=email%20openid%20https%3A%2F%2Fwww.googleapis.com%2Fauth%2Fcloudplatformprojects.readonly%20https%3A%2F%2Fwww.googleapis.com%2Fauth%2Ffirebase%20https%3A%2F%2Fwww.googleapis.com%2Fauth%2Fcloud-platform&response_type=code&state=267457031&redirect_uri=http%3A%2F%2Flocalhost%3A9005
[info] 
[info] Waiting for authentication...
[debug] [2021-08-22T13:44:13.767Z] Error: spawn cmd ENOENT
    at Process.ChildProcess._handle.onexit (internal/child_process.js:269:19)
    at onErrorNT (internal/child_process.js:467:16)
    at processTicksAndRejections (internal/process/task_queues.js:82:21)
[error] 
[error] Error: An unexpected error has occurred.
[debug] [2021-08-22T13:44:39.080Z] ----------------------------------------------------------------------
[debug] [2021-08-22T13:44:39.082Z] Command:       C:\Program Files\nodejs\node.exe C:\Users\SURYA KENCANA\AppData\Roaming\npm\node_modules\firebase-tools\lib\bin\firebase.js login --debug
[debug] [2021-08-22T13:44:39.083Z] CLI Version:   9.16.5
[debug] [2021-08-22T13:44:39.083Z] Platform:      win32
[debug] [2021-08-22T13:44:39.083Z] Node Version:  v14.17.5
[debug] [2021-08-22T13:44:39.084Z] Time:          Sun Aug 22 2021 20:44:39 GMT+0700 (Indochina Time)
[debug] [2021-08-22T13:44:39.084Z] ----------------------------------------------------------------------
[debug] 
[info] i  Firebase optionally collects CLI usage and error reporting information to help improve our products. Data is collected in accordance with Google's privacy policy (https://policies.google.com/privacy) and is not used to identify you.
 
[info] i  To change your data collection preference at any time, run `firebase logout` and log in again. 
[info] 
[info] Visit this URL on this device to log in:
[info] https://accounts.google.com/o/oauth2/auth?client_id=563584335869-fgrhgmd47bqnekij5i8b5pr03ho849e6.apps.googleusercontent.com&scope=email%20openid%20https%3A%2F%2Fwww.googleapis.com%2Fauth%2Fcloudplatformprojects.readonly%20https%3A%2F%2Fwww.googleapis.com%2Fauth%2Ffirebase%20https%3A%2F%2Fwww.googleapis.com%2Fauth%2Fcloud-platform&response_type=code&state=859749562&redirect_uri=http%3A%2F%2Flocalhost%3A9005
[info] 
[info] Waiting for authentication...
[debug] [2021-08-22T13:44:41.284Z] Error: spawn cmd ENOENT
    at Process.ChildProcess._handle.onexit (internal/child_process.js:269:19)
    at onErrorNT (internal/child_process.js:467:16)
    at processTicksAndRejections (internal/process/task_queues.js:82:21)
[error] 
[error] Error: An unexpected error has occurred.
